18:58:16.454 [main] DEBUG c.e.logging.AppenderLoggingExample - Debugging application start
18:58:16.456 [main] INFO  c.e.logging.AppenderLoggingExample - Application is running
18:58:16.456 [main] WARN  c.e.logging.AppenderLoggingExample - Low memory warning
18:58:16.456 [main] ERROR c.e.logging.AppenderLoggingExample - Unexpected error occurred
18:58:25.085 [main] ERROR com.example.logging.LoggingExample - This is an error message
18:58:25.087 [main] WARN  com.example.logging.LoggingExample - This is a warning message
18:58:37.209 [main] INFO  c.e.l.ParameterizedLoggingExample - User Harini placed order with ID 101
18:58:37.212 [main] WARN  c.e.l.ParameterizedLoggingExample - Order 101 is taking longer than expected
18:58:37.212 [main] ERROR c.e.l.ParameterizedLoggingExample - Order 101 failed due to payment issue
18:58:38.573 [main] INFO  c.e.l.ParameterizedLoggingExample - User Harini placed order with ID 101
18:58:38.577 [main] WARN  c.e.l.ParameterizedLoggingExample - Order 101 is taking longer than expected
18:58:38.577 [main] ERROR c.e.l.ParameterizedLoggingExample - Order 101 failed due to payment issue
19:00:04.105 [main] INFO  c.e.l.ParameterizedLoggingExample - User Harini placed order with ID 101
19:00:04.107 [main] WARN  c.e.l.ParameterizedLoggingExample - Order 101 is taking longer than expected
19:00:04.108 [main] ERROR c.e.l.ParameterizedLoggingExample - Order 101 failed due to payment issue
19:00:08.494 [main] ERROR com.example.logging.LoggingExample - This is an error message
19:00:08.495 [main] WARN  com.example.logging.LoggingExample - This is a warning message
19:00:13.624 [main] DEBUG c.e.logging.AppenderLoggingExample - Debugging application start
19:00:13.626 [main] INFO  c.e.logging.AppenderLoggingExample - Application is running
19:00:13.627 [main] WARN  c.e.logging.AppenderLoggingExample - Low memory warning
19:00:13.627 [main] ERROR c.e.logging.AppenderLoggingExample - Unexpected error occurred
